<?xml version="1.0" encoding="UTF-8"?>
<!-- Generated by org.testng.reporters.JUnitReportReporter -->
<testsuite hostname="LAPTOP-66M2DRV5" failures="0" tests="1" name="com.testng.firstpack.TestOne" time="6.890" errors="0" timestamp="2021-05-14T18:11:03 AEST" skipped="0">
  <testcase classname="com.testng.firstpack.TestOne" name="test1" time="6.890"/>
  <system-out/>
</testsuite> <!-- com.testng.firstpack.TestOne -->
